<?xml version="1.0" encoding="UTF-8"?>
<testng-results skipped="0" failed="0" ignored="0" total="1" passed="1">
  <reporter-output>
  </reporter-output>
  <suite name="Default suite" duration-ms="4714" started-at="2017-09-07T10:55:28Z" finished-at="2017-09-07T10:55:32Z">
    <groups>
    </groups>
    <test name="Default test" duration-ms="4714" started-at="2017-09-07T10:55:28Z" finished-at="2017-09-07T10:55:32Z">
      <class name="tests.GoogleSearchTest">
        <test-method status="PASS" signature="googleSearch()[pri:0, instance:tests.GoogleSearchTest@79207381]" name="googleSearch" duration-ms="4694" started-at="2017-09-07T16:25:28Z" finished-at="2017-09-07T16:25:32Z">
          <reporter-output>
          </reporter-output>
        </test-method> <!-- googleSearch -->
        <test-method status="PASS" signature="tearDown()[pri:0, instance:tests.GoogleSearchTest@79207381]" name="tearDown" is-config="true" duration-ms="903" started-at="2017-09-07T16:25:32Z" finished-at="2017-09-07T16:25:33Z">
          <reporter-output>
          </reporter-output>
        </test-method> <!-- tearDown -->
      </class> <!-- tests.GoogleSearchTest -->
    </test> <!-- Default test -->
  </suite> <!-- Default suite -->
</testng-results>
